[Mon, 09 Apr 18 00:55:14 +0700][ERROR] [2]: EditController handler class cannot be loaded

[Mon, 09 Apr 18 00:57:33 +0700][ERROR] [2]: EditController handler class cannot be loaded

[Mon, 09 Apr 18 00:57:39 +0700][ERROR] [2]: EditController handler class cannot be loaded

[Mon, 09 Apr 18 00:57:59 +0700][ERROR] [2]: EditController handler class cannot be loaded

[Mon, 09 Apr 18 00:58:31 +0700][ERROR] [2]: EditController handler class cannot be loaded

[Mon, 09 Apr 18 01:13:01 +0700][ERROR] [2]: ImgController handler class cannot be loaded

[Mon, 09 Apr 18 01:13:26 +0700][ERROR] [2]: ImgController handler class cannot be loaded

[Mon, 09 Apr 18 01:13:28 +0700][ERROR] [2]: ImgController handler class cannot be loaded

[Mon, 09 Apr 18 01:34:23 +0700][ERROR] [2]: VendorController handler class cannot be loaded

[Mon, 09 Apr 18 01:34:41 +0700][ERROR] [2]: VendorController handler class cannot be loaded

[Mon, 09 Apr 18 01:37:47 +0700][ERROR] [2]: VendorController handler class cannot be loaded

[Mon, 09 Apr 18 01:37:47 +0700][ERROR] [2]: VendorController handler class cannot be loaded

[Mon, 09 Apr 18 01:38:03 +0700][ERROR] [2]: VendorController handler class cannot be loaded

[Mon, 09 Apr 18 01:38:57 +0700][ERROR] [2]: JsController handler class cannot be loaded

[Mon, 09 Apr 18 01:38:57 +0700][ERROR] [2]: JsController handler class cannot be loaded

[Mon, 09 Apr 18 01:42:14 +0700][ERROR] [2]: VendorController handler class cannot be loaded

[Mon, 09 Apr 18 01:42:14 +0700][ERROR] [2]: VendorController handler class cannot be loaded

[Mon, 09 Apr 18 01:42:15 +0700][ERROR] [2]: VendorController handler class cannot be loaded

[Mon, 09 Apr 18 01:42:15 +0700][ERROR] [2]: VendorController handler class cannot be loaded

[Mon, 09 Apr 18 01:42:17 +0700][ERROR] [2]: VendorController handler class cannot be loaded

[Mon, 09 Apr 18 01:42:17 +0700][ERROR] [2]: VendorController handler class cannot be loaded

[Mon, 09 Apr 18 13:11:34 +0700][ERROR] [2]: CssController handler class cannot be loaded

[Mon, 09 Apr 18 13:11:35 +0700][ERROR] [2]: JsController handler class cannot be loaded

[Mon, 09 Apr 18 13:11:35 +0700][ERROR] [2]: CssController handler class cannot be loaded

[Mon, 09 Apr 18 13:12:13 +0700][ERROR] [2]: CssController handler class cannot be loaded

[Mon, 09 Apr 18 13:12:13 +0700][ERROR] [2]: CssController handler class cannot be loaded

[Mon, 09 Apr 18 13:12:28 +0700][ERROR] [2]: CssController handler class cannot be loaded

[Mon, 09 Apr 18 13:12:28 +0700][ERROR] [2]: JsController handler class cannot be loaded

[Mon, 09 Apr 18 13:12:28 +0700][ERROR] [2]: CssController handler class cannot be loaded

[Mon, 09 Apr 18 13:12:39 +0700][ERROR] [2]: ImgController handler class cannot be loaded

[Mon, 09 Apr 18 13:12:56 +0700][ERROR] [2]: ImgController handler class cannot be loaded

[Mon, 09 Apr 18 13:13:32 +0700][ERROR] [2]: CssController handler class cannot be loaded

[Mon, 09 Apr 18 13:13:32 +0700][ERROR] [2]: CssController handler class cannot be loaded

[Mon, 09 Apr 18 13:15:56 +0700][ERROR] [2]: ImgController handler class cannot be loaded

[Mon, 09 Apr 18 13:15:58 +0700][ERROR] [2]: ImgController handler class cannot be loaded

[Mon, 09 Apr 18 13:16:00 +0700][ERROR] [2]: ImgController handler class cannot be loaded

[Mon, 09 Apr 18 13:20:59 +0700][ERROR] [2]: CssController handler class cannot be loaded

[Mon, 09 Apr 18 13:20:59 +0700][ERROR] [2]: CssController handler class cannot be loaded

[Mon, 09 Apr 18 13:36:45 +0700][ERROR] [2]: CssController handler class cannot be loaded

[Mon, 09 Apr 18 13:41:49 +0700][ERROR] [2]: CssController handler class cannot be loaded

[Mon, 09 Apr 18 13:41:49 +0700][ERROR] [2]: JsController handler class cannot be loaded

[Mon, 09 Apr 18 13:42:14 +0700][ERROR] [2]: CssController handler class cannot be loaded

[Mon, 09 Apr 18 13:42:14 +0700][ERROR] [2]: CssController handler class cannot be loaded

[Mon, 09 Apr 18 13:42:28 +0700][ERROR] [2]: CssController handler class cannot be loaded

[Mon, 09 Apr 18 13:42:29 +0700][ERROR] [2]: CssController handler class cannot be loaded

[Mon, 09 Apr 18 13:42:42 +0700][ERROR] [2]: CssController handler class cannot be loaded

[Mon, 09 Apr 18 13:42:42 +0700][ERROR] [2]: CssController handler class cannot be loaded

[Mon, 09 Apr 18 13:44:22 +0700][ERROR] [2]: CssController handler class cannot be loaded

[Mon, 09 Apr 18 13:44:22 +0700][ERROR] [2]: CssController handler class cannot be loaded

[Mon, 09 Apr 18 13:45:07 +0700][ERROR] [2]: CssController handler class cannot be loaded

[Mon, 09 Apr 18 13:45:07 +0700][ERROR] [2]: CssController handler class cannot be loaded

[Mon, 09 Apr 18 13:46:11 +0700][ERROR] [2]: ImgController handler class cannot be loaded

[Mon, 09 Apr 18 13:52:36 +0700][ERROR] [2]: CssController handler class cannot be loaded

[Mon, 09 Apr 18 13:52:36 +0700][ERROR] [2]: JsController handler class cannot be loaded

[Mon, 09 Apr 18 13:52:46 +0700][ERROR] [2]: CssController handler class cannot be loaded

[Mon, 09 Apr 18 13:52:46 +0700][ERROR] [2]: JsController handler class cannot be loaded

[Mon, 09 Apr 18 13:52:47 +0700][ERROR] [2]: CssController handler class cannot be loaded

[Mon, 09 Apr 18 13:53:19 +0700][ERROR] [2]: ImgController handler class cannot be loaded

[Mon, 09 Apr 18 13:55:58 +0700][ERROR] [2]: CssController handler class cannot be loaded

[Mon, 09 Apr 18 13:55:58 +0700][ERROR] [2]: JsController handler class cannot be loaded

[Mon, 09 Apr 18 13:55:59 +0700][ERROR] [2]: CssController handler class cannot be loaded

[Mon, 09 Apr 18 13:57:03 +0700][ERROR] [2]: CssController handler class cannot be loaded

[Mon, 09 Apr 18 13:57:03 +0700][ERROR] [2]: JsController handler class cannot be loaded

[Mon, 09 Apr 18 13:57:04 +0700][ERROR] [2]: CssController handler class cannot be loaded

[Mon, 09 Apr 18 13:58:16 +0700][ERROR] [2]: CssController handler class cannot be loaded

[Mon, 09 Apr 18 13:58:17 +0700][ERROR] [2]: JsController handler class cannot be loaded

[Mon, 09 Apr 18 13:58:17 +0700][ERROR] [2]: CssController handler class cannot be loaded

[Mon, 09 Apr 18 13:58:19 +0700][ERROR] [2]: CssController handler class cannot be loaded

[Mon, 09 Apr 18 13:58:19 +0700][ERROR] [2]: CssController handler class cannot be loaded

[Mon, 09 Apr 18 13:58:19 +0700][ERROR] [2]: CssController handler class cannot be loaded

[Mon, 09 Apr 18 13:58:19 +0700][ERROR] [2]: CssController handler class cannot be loaded

[Mon, 09 Apr 18 13:58:19 +0700][ERROR] [2]: CssController handler class cannot be loaded

[Mon, 09 Apr 18 13:58:19 +0700][ERROR] [2]: CssController handler class cannot be loaded

[Mon, 09 Apr 18 13:58:20 +0700][ERROR] [2]: CssController handler class cannot be loaded

[Mon, 09 Apr 18 13:58:20 +0700][ERROR] [2]: CssController handler class cannot be loaded

[Mon, 09 Apr 18 13:58:20 +0700][ERROR] [2]: CssController handler class cannot be loaded

[Mon, 09 Apr 18 13:59:32 +0700][ERROR] [2]: CssController handler class cannot be loaded

[Mon, 09 Apr 18 13:59:33 +0700][ERROR] [2]: JsController handler class cannot be loaded

[Mon, 09 Apr 18 13:59:33 +0700][ERROR] [2]: CssController handler class cannot be loaded

[Mon, 09 Apr 18 13:59:34 +0700][ERROR] [2]: CssController handler class cannot be loaded

[Mon, 09 Apr 18 13:59:34 +0700][ERROR] [2]: CssController handler class cannot be loaded

[Mon, 09 Apr 18 13:59:34 +0700][ERROR] [2]: CssController handler class cannot be loaded

[Mon, 09 Apr 18 13:59:34 +0700][ERROR] [2]: CssController handler class cannot be loaded

[Mon, 09 Apr 18 13:59:35 +0700][ERROR] [2]: CssController handler class cannot be loaded

[Mon, 09 Apr 18 13:59:35 +0700][ERROR] [2]: CssController handler class cannot be loaded

[Mon, 09 Apr 18 13:59:35 +0700][ERROR] [2]: CssController handler class cannot be loaded

[Mon, 09 Apr 18 13:59:35 +0700][ERROR] [2]: CssController handler class cannot be loaded

[Mon, 09 Apr 18 13:59:35 +0700][ERROR] [2]: CssController handler class cannot be loaded

[Mon, 09 Apr 18 13:59:35 +0700][ERROR] [2]: CssController handler class cannot be loaded

[Mon, 09 Apr 18 13:59:35 +0700][ERROR] [2]: CssController handler class cannot be loaded

[Mon, 09 Apr 18 13:59:35 +0700][ERROR] [2]: CssController handler class cannot be loaded

[Mon, 09 Apr 18 13:59:35 +0700][ERROR] [2]: CssController handler class cannot be loaded

[Mon, 09 Apr 18 13:59:35 +0700][ERROR] [2]: CssController handler class cannot be loaded

[Mon, 09 Apr 18 13:59:36 +0700][ERROR] [2]: CssController handler class cannot be loaded

[Mon, 09 Apr 18 13:59:36 +0700][ERROR] [2]: CssController handler class cannot be loaded

[Mon, 09 Apr 18 13:59:36 +0700][ERROR] [2]: CssController handler class cannot be loaded

[Mon, 09 Apr 18 13:59:36 +0700][ERROR] [2]: CssController handler class cannot be loaded

[Mon, 09 Apr 18 14:01:37 +0700][ERROR] [2]: CssController handler class cannot be loaded

[Mon, 09 Apr 18 14:01:37 +0700][ERROR] [2]: JsController handler class cannot be loaded

[Mon, 09 Apr 18 14:01:37 +0700][ERROR] [2]: CssController handler class cannot be loaded

[Mon, 09 Apr 18 14:01:42 +0700][ERROR] [2]: CssController handler class cannot be loaded

[Mon, 09 Apr 18 14:01:42 +0700][ERROR] [2]: CssController handler class cannot be loaded

[Mon, 09 Apr 18 14:02:00 +0700][ERROR] [2]: CssController handler class cannot be loaded

[Mon, 09 Apr 18 14:02:00 +0700][ERROR] [2]: JsController handler class cannot be loaded

[Mon, 09 Apr 18 14:02:00 +0700][ERROR] [2]: JsController handler class cannot be loaded

[Mon, 09 Apr 18 14:03:51 +0700][ERROR] [2]: CssController handler class cannot be loaded

[Mon, 09 Apr 18 14:03:51 +0700][ERROR] [2]: CssController handler class cannot be loaded

[Mon, 09 Apr 18 14:04:56 +0700][ERROR] [2]: CssController handler class cannot be loaded

[Mon, 09 Apr 18 14:04:57 +0700][ERROR] [2]: JsController handler class cannot be loaded

[Mon, 09 Apr 18 14:04:58 +0700][ERROR] [2]: CssController handler class cannot be loaded

[Mon, 09 Apr 18 14:05:02 +0700][ERROR] [2]: ImgController handler class cannot be loaded

[Mon, 09 Apr 18 14:05:05 +0700][ERROR] [2]: ImgController handler class cannot be loaded

[Mon, 09 Apr 18 14:05:06 +0700][ERROR] [2]: CssController handler class cannot be loaded

[Mon, 09 Apr 18 14:05:06 +0700][ERROR] [2]: CssController handler class cannot be loaded

[Mon, 09 Apr 18 14:06:09 +0700][ERROR] [2]: CssController handler class cannot be loaded

[Mon, 09 Apr 18 14:06:10 +0700][ERROR] [2]: JsController handler class cannot be loaded

[Mon, 09 Apr 18 14:06:10 +0700][ERROR] [2]: CssController handler class cannot be loaded

[Mon, 09 Apr 18 14:07:01 +0700][ERROR] [2]: CssController handler class cannot be loaded

[Mon, 09 Apr 18 14:07:02 +0700][ERROR] [2]: JsController handler class cannot be loaded

[Mon, 09 Apr 18 14:07:02 +0700][ERROR] [2]: CssController handler class cannot be loaded

[Mon, 09 Apr 18 14:08:17 +0700][ERROR] [2]: ImgController handler class cannot be loaded

[Mon, 09 Apr 18 14:08:24 +0700][ERROR] [2]: ImgController handler class cannot be loaded

[Mon, 09 Apr 18 14:08:38 +0700][ERROR] [2]: ImgController handler class cannot be loaded

[Mon, 09 Apr 18 14:09:53 +0700][ERROR] [2]: CssController handler class cannot be loaded

[Mon, 09 Apr 18 14:09:53 +0700][ERROR] [2]: CssController handler class cannot be loaded

[Mon, 09 Apr 18 14:09:55 +0700][ERROR] [2]: ImgController handler class cannot be loaded

[Mon, 09 Apr 18 14:12:57 +0700][ERROR] [2]: CssController handler class cannot be loaded

[Mon, 09 Apr 18 14:12:57 +0700][ERROR] [2]: CssController handler class cannot be loaded

[Mon, 09 Apr 18 14:13:00 +0700][ERROR] [2]: CssController handler class cannot be loaded

[Mon, 09 Apr 18 14:13:15 +0700][ERROR] [2]: ImgController handler class cannot be loaded

[Mon, 09 Apr 18 14:14:52 +0700][ERROR] [2]: CssController handler class cannot be loaded

[Mon, 09 Apr 18 14:14:52 +0700][ERROR] [2]: JsController handler class cannot be loaded

[Mon, 09 Apr 18 14:14:52 +0700][ERROR] [2]: JsController handler class cannot be loaded

[Mon, 09 Apr 18 14:15:36 +0700][ERROR] [2]: ImgController handler class cannot be loaded

[Mon, 09 Apr 18 14:15:56 +0700][ERROR] [2]: CssController handler class cannot be loaded

[Mon, 09 Apr 18 14:15:56 +0700][ERROR] [2]: CssController handler class cannot be loaded

[Mon, 09 Apr 18 14:15:57 +0700][ERROR] [2]: ImgController handler class cannot be loaded

[Mon, 09 Apr 18 14:16:30 +0700][ERROR] [2]: CssController handler class cannot be loaded

[Mon, 09 Apr 18 14:16:31 +0700][ERROR] [2]: CssController handler class cannot be loaded

[Mon, 09 Apr 18 14:16:32 +0700][ERROR] [2]: ImgController handler class cannot be loaded

[Mon, 09 Apr 18 14:16:36 +0700][ERROR] [2]: ImgController handler class cannot be loaded

[Mon, 09 Apr 18 14:16:44 +0700][ERROR] [2]: CssController handler class cannot be loaded

[Mon, 09 Apr 18 14:16:44 +0700][ERROR] [2]: CssController handler class cannot be loaded

[Mon, 09 Apr 18 14:16:54 +0700][ERROR] [2]: ImgController handler class cannot be loaded

[Mon, 09 Apr 18 14:36:09 +0700][ERROR] [2]: CssController handler class cannot be loaded

[Mon, 09 Apr 18 14:36:09 +0700][ERROR] [2]: CssController handler class cannot be loaded

[Mon, 09 Apr 18 14:36:18 +0700][ERROR] [2]: CssController handler class cannot be loaded

[Mon, 09 Apr 18 14:36:18 +0700][ERROR] [2]: CssController handler class cannot be loaded

